<?xml version="1.0" encoding="UTF-8"?>
<testsuite xmlns:xsi="http://www.w3.org/2001/XMLSchema-instance" xsi:noNamespaceSchemaLocation="https://maven.apache.org/surefire/maven-surefire-plugin/xsd/surefire-test-report.xsd" version="3.0.2" name="TestSuite" time="11.759" tests="2" errors="0" skipped="0" failures="0">
  <properties>
    <property name="java.specification.version" value="22"/>
    <property name="sun.cpu.isalist" value="amd64"/>
    <property name="sun.jnu.encoding" value="Cp1252"/>
    <property name="java.class.path" value="C:\Users\sniaz\eclipse-workspace\assignment\target\test-classes;C:\Users\sniaz\eclipse-workspace\assignment\target\classes;C:\Users\sniaz\.m2\repository\org\seleniumhq\selenium\selenium-java\4.23.1\selenium-java-4.23.1.jar;C:\Users\sniaz\.m2\repository\org\seleniumhq\selenium\selenium-api\4.23.1\selenium-api-4.23.1.jar;C:\Users\sniaz\.m2\repository\org\seleniumhq\selenium\selenium-chrome-driver\4.23.1\selenium-chrome-driver-4.23.1.jar;C:\Users\sniaz\.m2\repository\com\google\auto\service\auto-service-annotations\1.1.1\auto-service-annotations-1.1.1.jar;C:\Users\sniaz\.m2\repository\org\seleniumhq\selenium\selenium-chromium-driver\4.23.1\selenium-chromium-driver-4.23.1.jar;C:\Users\sniaz\.m2\repository\org\seleniumhq\selenium\selenium-json\4.23.1\selenium-json-4.23.1.jar;C:\Users\sniaz\.m2\repository\org\seleniumhq\selenium\selenium-manager\4.23.1\selenium-manager-4.23.1.jar;C:\Users\sniaz\.m2\repository\org\seleniumhq\selenium\selenium-devtools-v125\4.23.1\selenium-devtools-v125-4.23.1.jar;C:\Users\sniaz\.m2\repository\org\seleniumhq\selenium\selenium-devtools-v126\4.23.1\selenium-devtools-v126-4.23.1.jar;C:\Users\sniaz\.m2\repository\org\seleniumhq\selenium\selenium-devtools-v127\4.23.1\selenium-devtools-v127-4.23.1.jar;C:\Users\sniaz\.m2\repository\org\seleniumhq\selenium\selenium-devtools-v85\4.23.1\selenium-devtools-v85-4.23.1.jar;C:\Users\sniaz\.m2\repository\org\seleniumhq\selenium\selenium-edge-driver\4.23.1\selenium-edge-driver-4.23.1.jar;C:\Users\sniaz\.m2\repository\org\seleniumhq\selenium\selenium-firefox-driver\4.23.1\selenium-firefox-driver-4.23.1.jar;C:\Users\sniaz\.m2\repository\org\seleniumhq\selenium\selenium-http\4.23.1\selenium-http-4.23.1.jar;C:\Users\sniaz\.m2\repository\dev\failsafe\failsafe\3.3.2\failsafe-3.3.2.jar;C:\Users\sniaz\.m2\repository\org\seleniumhq\selenium\selenium-ie-driver\4.23.1\selenium-ie-driver-4.23.1.jar;C:\Users\sniaz\.m2\repository\org\seleniumhq\selenium\selenium-remote-driver\4.23.1\selenium-remote-driver-4.23.1.jar;C:\Users\sniaz\.m2\repository\com\google\guava\guava\33.2.1-jre\guava-33.2.1-jre.jar;C:\Users\sniaz\.m2\repository\com\google\guava\failureaccess\1.0.2\failureaccess-1.0.2.jar;C:\Users\sniaz\.m2\repository\com\google\guava\listenablefuture\9999.0-empty-to-avoid-conflict-with-guava\listenablefuture-9999.0-empty-to-avoid-conflict-with-guava.jar;C:\Users\sniaz\.m2\repository\com\google\code\findbugs\jsr305\3.0.2\jsr305-3.0.2.jar;C:\Users\sniaz\.m2\repository\org\checkerframework\checker-qual\3.42.0\checker-qual-3.42.0.jar;C:\Users\sniaz\.m2\repository\com\google\errorprone\error_prone_annotations\2.26.1\error_prone_annotations-2.26.1.jar;C:\Users\sniaz\.m2\repository\com\google\j2objc\j2objc-annotations\3.0.0\j2objc-annotations-3.0.0.jar;C:\Users\sniaz\.m2\repository\io\opentelemetry\semconv\opentelemetry-semconv\1.25.0-alpha\opentelemetry-semconv-1.25.0-alpha.jar;C:\Users\sniaz\.m2\repository\io\opentelemetry\opentelemetry-api\1.40.0\opentelemetry-api-1.40.0.jar;C:\Users\sniaz\.m2\repository\io\opentelemetry\opentelemetry-context\1.40.0\opentelemetry-context-1.40.0.jar;C:\Users\sniaz\.m2\repository\io\opentelemetry\opentelemetry-exporter-logging\1.40.0\opentelemetry-exporter-logging-1.40.0.jar;C:\Users\sniaz\.m2\repository\io\opentelemetry\opentelemetry-sdk-common\1.40.0\opentelemetry-sdk-common-1.40.0.jar;C:\Users\sniaz\.m2\repository\io\opentelemetry\opentelemetry-sdk-extension-autoconfigure-spi\1.40.0\opentelemetry-sdk-extension-autoconfigure-spi-1.40.0.jar;C:\Users\sniaz\.m2\repository\io\opentelemetry\opentelemetry-sdk-extension-autoconfigure\1.40.0\opentelemetry-sdk-extension-autoconfigure-1.40.0.jar;C:\Users\sniaz\.m2\repository\io\opentelemetry\opentelemetry-api-incubator\1.40.0-alpha\opentelemetry-api-incubator-1.40.0-alpha.jar;C:\Users\sniaz\.m2\repository\io\opentelemetry\opentelemetry-sdk-trace\1.40.0\opentelemetry-sdk-trace-1.40.0.jar;C:\Users\sniaz\.m2\repository\io\opentelemetry\opentelemetry-sdk\1.40.0\opentelemetry-sdk-1.40.0.jar;C:\Users\sniaz\.m2\repository\io\opentelemetry\opentelemetry-sdk-metrics\1.40.0\opentelemetry-sdk-metrics-1.40.0.jar;C:\Users\sniaz\.m2\repository\io\opentelemetry\opentelemetry-sdk-logs\1.40.0\opentelemetry-sdk-logs-1.40.0.jar;C:\Users\sniaz\.m2\repository\net\bytebuddy\byte-buddy\1.14.18\byte-buddy-1.14.18.jar;C:\Users\sniaz\.m2\repository\org\seleniumhq\selenium\selenium-os\4.23.1\selenium-os-4.23.1.jar;C:\Users\sniaz\.m2\repository\org\apache\commons\commons-exec\1.4.0\commons-exec-1.4.0.jar;C:\Users\sniaz\.m2\repository\org\seleniumhq\selenium\selenium-safari-driver\4.23.1\selenium-safari-driver-4.23.1.jar;C:\Users\sniaz\.m2\repository\org\seleniumhq\selenium\selenium-support\4.23.1\selenium-support-4.23.1.jar;C:\Users\sniaz\.m2\repository\org\testng\testng\7.10.2\testng-7.10.2.jar;C:\Users\sniaz\.m2\repository\org\slf4j\slf4j-api\1.7.36\slf4j-api-1.7.36.jar;C:\Users\sniaz\.m2\repository\com\beust\jcommander\1.82\jcommander-1.82.jar;C:\Users\sniaz\.m2\repository\org\webjars\jquery\3.7.1\jquery-3.7.1.jar;C:\Users\sniaz\.m2\repository\ch\qos\logback\logback-classic\1.2.3\logback-classic-1.2.3.jar;C:\Users\sniaz\.m2\repository\ch\qos\logback\logback-core\1.2.3\logback-core-1.2.3.jar;C:\Users\sniaz\.m2\repository\org\apache\commons\commons-lang3\3.16.0\commons-lang3-3.16.0.jar;C:\Users\sniaz\.m2\repository\com\aventstack\extentreports\5.1.2\extentreports-5.1.2.jar;C:\Users\sniaz\.m2\repository\io\reactivex\rxjava3\rxjava\3.1.6\rxjava-3.1.6.jar;C:\Users\sniaz\.m2\repository\org\reactivestreams\reactive-streams\1.0.4\reactive-streams-1.0.4.jar;C:\Users\sniaz\.m2\repository\org\freemarker\freemarker\2.3.32\freemarker-2.3.32.jar;C:\Users\sniaz\.m2\repository\org\projectlombok\lombok\1.18.26\lombok-1.18.26.jar;C:\Users\sniaz\.m2\repository\com\google\code\gson\gson\2.10.1\gson-2.10.1.jar;"/>
    <property name="java.vm.vendor" value="Eclipse Adoptium"/>
    <property name="sun.arch.data.model" value="64"/>
    <property name="user.variant" value=""/>
    <property name="java.vendor.url" value="https://adoptium.net/"/>
    <property name="user.timezone" value="Asia/Karachi"/>
    <property name="os.name" value="Windows 10"/>
    <property name="java.vm.specification.version" value="22"/>
    <property name="sun.java.launcher" value="SUN_STANDARD"/>
    <property name="user.country" value="US"/>
    <property name="sun.boot.library.path" value="C:\Users\sniaz\.p2\pool\plugins\org.eclipse.justj.openjdk.hotspot.jre.full.win32.x86_64_22.0.2.v20240802-1626\jre\bin"/>
    <property name="sun.java.command" value="C:\Users\sniaz\AppData\Local\Temp\surefire14435055610805355431\surefirebooter-20240826053444414_3.jar C:\Users\sniaz\AppData\Local\Temp\surefire14435055610805355431 2024-08-26T05-34-43_676-jvmRun1 surefire-20240826053444414_1tmp surefire_0-20240826053444414_2tmp"/>
    <property name="jdk.debug" value="release"/>
    <property name="surefire.test.class.path" value="C:\Users\sniaz\eclipse-workspace\assignment\target\test-classes;C:\Users\sniaz\eclipse-workspace\assignment\target\classes;C:\Users\sniaz\.m2\repository\org\seleniumhq\selenium\selenium-java\4.23.1\selenium-java-4.23.1.jar;C:\Users\sniaz\.m2\repository\org\seleniumhq\selenium\selenium-api\4.23.1\selenium-api-4.23.1.jar;C:\Users\sniaz\.m2\repository\org\seleniumhq\selenium\selenium-chrome-driver\4.23.1\selenium-chrome-driver-4.23.1.jar;C:\Users\sniaz\.m2\repository\com\google\auto\service\auto-service-annotations\1.1.1\auto-service-annotations-1.1.1.jar;C:\Users\sniaz\.m2\repository\org\seleniumhq\selenium\selenium-chromium-driver\4.23.1\selenium-chromium-driver-4.23.1.jar;C:\Users\sniaz\.m2\repository\org\seleniumhq\selenium\selenium-json\4.23.1\selenium-json-4.23.1.jar;C:\Users\sniaz\.m2\repository\org\seleniumhq\selenium\selenium-manager\4.23.1\selenium-manager-4.23.1.jar;C:\Users\sniaz\.m2\repository\org\seleniumhq\selenium\selenium-devtools-v125\4.23.1\selenium-devtools-v125-4.23.1.jar;C:\Users\sniaz\.m2\repository\org\seleniumhq\selenium\selenium-devtools-v126\4.23.1\selenium-devtools-v126-4.23.1.jar;C:\Users\sniaz\.m2\repository\org\seleniumhq\selenium\selenium-devtools-v127\4.23.1\selenium-devtools-v127-4.23.1.jar;C:\Users\sniaz\.m2\repository\org\seleniumhq\selenium\selenium-devtools-v85\4.23.1\selenium-devtools-v85-4.23.1.jar;C:\Users\sniaz\.m2\repository\org\seleniumhq\selenium\selenium-edge-driver\4.23.1\selenium-edge-driver-4.23.1.jar;C:\Users\sniaz\.m2\repository\org\seleniumhq\selenium\selenium-firefox-driver\4.23.1\selenium-firefox-driver-4.23.1.jar;C:\Users\sniaz\.m2\repository\org\seleniumhq\selenium\selenium-http\4.23.1\selenium-http-4.23.1.jar;C:\Users\sniaz\.m2\repository\dev\failsafe\failsafe\3.3.2\failsafe-3.3.2.jar;C:\Users\sniaz\.m2\repository\org\seleniumhq\selenium\selenium-ie-driver\4.23.1\selenium-ie-driver-4.23.1.jar;C:\Users\sniaz\.m2\repository\org\seleniumhq\selenium\selenium-remote-driver\4.23.1\selenium-remote-driver-4.23.1.jar;C:\Users\sniaz\.m2\repository\com\google\guava\guava\33.2.1-jre\guava-33.2.1-jre.jar;C:\Users\sniaz\.m2\repository\com\google\guava\failureaccess\1.0.2\failureaccess-1.0.2.jar;C:\Users\sniaz\.m2\repository\com\google\guava\listenablefuture\9999.0-empty-to-avoid-conflict-with-guava\listenablefuture-9999.0-empty-to-avoid-conflict-with-guava.jar;C:\Users\sniaz\.m2\repository\com\google\code\findbugs\jsr305\3.0.2\jsr305-3.0.2.jar;C:\Users\sniaz\.m2\repository\org\checkerframework\checker-qual\3.42.0\checker-qual-3.42.0.jar;C:\Users\sniaz\.m2\repository\com\google\errorprone\error_prone_annotations\2.26.1\error_prone_annotations-2.26.1.jar;C:\Users\sniaz\.m2\repository\com\google\j2objc\j2objc-annotations\3.0.0\j2objc-annotations-3.0.0.jar;C:\Users\sniaz\.m2\repository\io\opentelemetry\semconv\opentelemetry-semconv\1.25.0-alpha\opentelemetry-semconv-1.25.0-alpha.jar;C:\Users\sniaz\.m2\repository\io\opentelemetry\opentelemetry-api\1.40.0\opentelemetry-api-1.40.0.jar;C:\Users\sniaz\.m2\repository\io\opentelemetry\opentelemetry-context\1.40.0\opentelemetry-context-1.40.0.jar;C:\Users\sniaz\.m2\repository\io\opentelemetry\opentelemetry-exporter-logging\1.40.0\opentelemetry-exporter-logging-1.40.0.jar;C:\Users\sniaz\.m2\repository\io\opentelemetry\opentelemetry-sdk-common\1.40.0\opentelemetry-sdk-common-1.40.0.jar;C:\Users\sniaz\.m2\repository\io\opentelemetry\opentelemetry-sdk-extension-autoconfigure-spi\1.40.0\opentelemetry-sdk-extension-autoconfigure-spi-1.40.0.jar;C:\Users\sniaz\.m2\repository\io\opentelemetry\opentelemetry-sdk-extension-autoconfigure\1.40.0\opentelemetry-sdk-extension-autoconfigure-1.40.0.jar;C:\Users\sniaz\.m2\repository\io\opentelemetry\opentelemetry-api-incubator\1.40.0-alpha\opentelemetry-api-incubator-1.40.0-alpha.jar;C:\Users\sniaz\.m2\repository\io\opentelemetry\opentelemetry-sdk-trace\1.40.0\opentelemetry-sdk-trace-1.40.0.jar;C:\Users\sniaz\.m2\repository\io\opentelemetry\opentelemetry-sdk\1.40.0\opentelemetry-sdk-1.40.0.jar;C:\Users\sniaz\.m2\repository\io\opentelemetry\opentelemetry-sdk-metrics\1.40.0\opentelemetry-sdk-metrics-1.40.0.jar;C:\Users\sniaz\.m2\repository\io\opentelemetry\opentelemetry-sdk-logs\1.40.0\opentelemetry-sdk-logs-1.40.0.jar;C:\Users\sniaz\.m2\repository\net\bytebuddy\byte-buddy\1.14.18\byte-buddy-1.14.18.jar;C:\Users\sniaz\.m2\repository\org\seleniumhq\selenium\selenium-os\4.23.1\selenium-os-4.23.1.jar;C:\Users\sniaz\.m2\repository\org\apache\commons\commons-exec\1.4.0\commons-exec-1.4.0.jar;C:\Users\sniaz\.m2\repository\org\seleniumhq\selenium\selenium-safari-driver\4.23.1\selenium-safari-driver-4.23.1.jar;C:\Users\sniaz\.m2\repository\org\seleniumhq\selenium\selenium-support\4.23.1\selenium-support-4.23.1.jar;C:\Users\sniaz\.m2\repository\org\testng\testng\7.10.2\testng-7.10.2.jar;C:\Users\sniaz\.m2\repository\org\slf4j\slf4j-api\1.7.36\slf4j-api-1.7.36.jar;C:\Users\sniaz\.m2\repository\com\beust\jcommander\1.82\jcommander-1.82.jar;C:\Users\sniaz\.m2\repository\org\webjars\jquery\3.7.1\jquery-3.7.1.jar;C:\Users\sniaz\.m2\repository\ch\qos\logback\logback-classic\1.2.3\logback-classic-1.2.3.jar;C:\Users\sniaz\.m2\repository\ch\qos\logback\logback-core\1.2.3\logback-core-1.2.3.jar;C:\Users\sniaz\.m2\repository\org\apache\commons\commons-lang3\3.16.0\commons-lang3-3.16.0.jar;C:\Users\sniaz\.m2\repository\com\aventstack\extentreports\5.1.2\extentreports-5.1.2.jar;C:\Users\sniaz\.m2\repository\io\reactivex\rxjava3\rxjava\3.1.6\rxjava-3.1.6.jar;C:\Users\sniaz\.m2\repository\org\reactivestreams\reactive-streams\1.0.4\reactive-streams-1.0.4.jar;C:\Users\sniaz\.m2\repository\org\freemarker\freemarker\2.3.32\freemarker-2.3.32.jar;C:\Users\sniaz\.m2\repository\org\projectlombok\lombok\1.18.26\lombok-1.18.26.jar;C:\Users\sniaz\.m2\repository\com\google\code\gson\gson\2.10.1\gson-2.10.1.jar;"/>
    <property name="sun.cpu.endian" value="little"/>
    <property name="user.home" value="C:\Users\sniaz"/>
    <property name="user.language" value="en"/>
    <property name="java.specification.vendor" value="Oracle Corporation"/>
    <property name="java.version.date" value="2024-07-16"/>
    <property name="java.home" value="C:\Users\sniaz\.p2\pool\plugins\org.eclipse.justj.openjdk.hotspot.jre.full.win32.x86_64_22.0.2.v20240802-1626\jre"/>
    <property name="file.separator" value="\"/>
    <property name="basedir" value="C:\Users\sniaz\eclipse-workspace\assignment"/>
    <property name="style.color" value="always"/>
    <property name="java.vm.compressedOopsMode" value="Zero based"/>
    <property name="line.separator" value="&#10;"/>
    <property name="java.vm.specification.vendor" value="Oracle Corporation"/>
    <property name="java.specification.name" value="Java Platform API Specification"/>
    <property name="surefire.real.class.path" value="C:\Users\sniaz\AppData\Local\Temp\surefire14435055610805355431\surefirebooter-20240826053444414_3.jar"/>
    <property name="user.script" value=""/>
    <property name="sun.management.compiler" value="HotSpot 64-Bit Tiered Compilers"/>
    <property name="java.runtime.version" value="22.0.2+9"/>
    <property name="user.name" value="sniaz"/>
    <property name="stdout.encoding" value="Cp1252"/>
    <property name="path.separator" value=";"/>
    <property name="os.version" value="10.0"/>
    <property name="java.runtime.name" value="OpenJDK Runtime Environment"/>
    <property name="file.encoding" value="UTF-8"/>
    <property name="java.vm.name" value="OpenJDK 64-Bit Server VM"/>
    <property name="java.vendor.version" value="Temurin-22.0.2+9"/>
    <property name="localRepository" value="C:\Users\sniaz\.m2\repository"/>
    <property name="java.vendor.url.bug" value="https://github.com/adoptium/adoptium-support/issues"/>
    <property name="java.io.tmpdir" value="C:\Users\sniaz\AppData\Local\Temp\"/>
    <property name="java.version" value="22.0.2"/>
    <property name="user.dir" value="C:\Users\sniaz\eclipse-workspace\assignment"/>
    <property name="os.arch" value="amd64"/>
    <property name="java.vm.specification.name" value="Java Virtual Machine Specification"/>
    <property name="sun.os.patch.level" value=""/>
    <property name="native.encoding" value="Cp1252"/>
    <property name="java.library.path" value="C:\Users\sniaz\.p2\pool\plugins\org.eclipse.justj.openjdk.hotspot.jre.full.win32.x86_64_22.0.2.v20240802-1626\jre\bin;C:\Windows\Sun\Java\bin;C:\Windows\system32;C:\Windows;C:/Users/sniaz/.p2/pool/plugins/org.eclipse.justj.openjdk.hotspot.jre.full.win32.x86_64_22.0.2.v20240802-1626/jre/bin/server;C:/Users/sniaz/.p2/pool/plugins/org.eclipse.justj.openjdk.hotspot.jre.full.win32.x86_64_22.0.2.v20240802-1626/jre/bin;C:\Program Files\Common Files\Oracle\Java\javapath;C:\Windows\system32;C:\Windows;C:\Windows\System32\Wbem;C:\Windows\System32\WindowsPowerShell\v1.0\;C:\Windows\System32\OpenSSH\;C:\Program Files\nodejs\;C:\Program Files\Git\cmd;C:\Program Files\Java\jdk-17\bin;C:\Users\sniaz\AppData\Local\Programs\Python\Python312\Scripts\;C:\Users\sniaz\AppData\Local\Programs\Python\Python312\;C:\Users\sniaz\AppData\Local\Microsoft\WindowsApps;C:\Users\sniaz\AppData\Local\Keybase\;C:\Users\sniaz\AppData\Roaming\npm;C:\Users\sniaz\AppData\Local\Programs\Microsoft VS Code\bin;C:\Users\sniaz\Desktop;;."/>
    <property name="java.vm.info" value="mixed mode"/>
    <property name="stderr.encoding" value="Cp1252"/>
    <property name="java.vendor" value="Eclipse Adoptium"/>
    <property name="java.vm.version" value="22.0.2+9"/>
    <property name="sun.io.unicode.encoding" value="UnicodeLittle"/>
    <property name="java.class.version" value="66.0"/>
  </properties>
  <testcase name="testSignUp" classname="testCases.Tc001_SignUpTest" time="5.829">
    <system-out><![CDATA[05:34:45.177 [main] DEBUG org.testng.TestNG - suiteXmlPath: "C:\Users\sniaz\eclipse-workspace\assignment\testsuit.xml"
Test execution is started...
test started...
]]></system-out>
  </testcase>
  <testcase name="testURL" classname="testCases.Tc001_SignUpTest" time="0.01">
    <system-out><![CDATA[Test execution is started...
test started...
]]></system-out>
  </testcase>
</testsuite>