<?xml version="1.0" encoding="UTF-8"?>
<!-- Generated by org.testng.reporters.JUnitReportReporter -->
<testsuite hostname="SSI-SNIAZ-LP" failures="0" tests="2" name="testCases.Tc001_SignUpTest" time="5.551" errors="0" timestamp="2024-08-26T16:02:04 PKT" skipped="0">
  <testcase classname="testCases.Tc001_SignUpTest" name="testSignUp" time="5.538"/>
  <testcase classname="testCases.Tc001_SignUpTest" name="testURL" time="0.013"/>
</testsuite> <!-- testCases.Tc001_SignUpTest -->
