<?xml version="1.0" encoding="UTF-8"?>
<!-- Generated by org.testng.reporters.JUnitReportReporter -->
<testsuite hostname="SSI-SNIAZ-LP" failures="0" tests="2" name="testCases.Tc002_SignUpTest_Validations" time="2.675" errors="0" timestamp="2024-08-27T01:33:31 PKT" skipped="0">
  <testcase classname="testCases.Tc002_SignUpTest_Validations" name="testURL" time="0.048"/>
  <testcase classname="testCases.Tc002_SignUpTest_Validations" name="testSignUp" time="2.627"/>
</testsuite> <!-- testCases.Tc002_SignUpTest_Validations -->
